<?xml version="1.0" encoding="UTF-8"?>
<!-- Generated by org.testng.reporters.JUnitReportReporter -->
<testsuite hostname="mgoswami-ltm" name="com.mlt.game.bowling.BowlingTest" tests="1" failures="0" timestamp="29 Jun 2015 15:02:10 GMT" time="0.048" errors="0">
  <testcase name="getWinner" time="0.048" classname="com.mlt.game.bowling.BowlingTest"/>
</testsuite> <!-- com.mlt.game.bowling.BowlingTest -->
